<?xml version="1.0" encoding="UTF-8"?>
<!-- Generated by org.testng.reporters.JUnitReportReporter -->
<testsuite hostname="DESKTOP-M096LDG" name="Maven.Project.SeleniumOpenBrowser" tests="1" failures="0" timestamp="25 Oct 2019 14:33:06 GMT" time="49.403" errors="0">
  <testcase name="OpenBrowser" time="49.403" classname="Maven.Project.SeleniumOpenBrowser"/>
</testsuite> <!-- Maven.Project.SeleniumOpenBrowser -->
