<?xml version="1.0" encoding="UTF-8"?>
<!-- Generated by org.testng.reporters.JUnitReportReporter -->
<testsuite hostname="DESKTOP-M096LDG" name="Maven.Project.JavaProgram" tests="1" failures="0" timestamp="22 Oct 2019 15:29:58 GMT" time="0.034" errors="0">
  <testcase name="test1" time="0.034" classname="Maven.Project.JavaProgram"/>
</testsuite> <!-- Maven.Project.JavaProgram -->
