<?xml version="1.0" encoding="UTF-8"?>
<!-- Generated by org.testng.reporters.JUnitReportReporter -->
<testsuite hostname="DESKTOP-M096LDG" name="Maven.Project.SeleniumOpenBrowser" tests="1" failures="0" timestamp="22 Oct 2019 17:33:41 GMT" time="13.478" errors="0">
  <testcase name="OpenBrowser" time="13.478" classname="Maven.Project.SeleniumOpenBrowser"/>
</testsuite> <!-- Maven.Project.SeleniumOpenBrowser -->
