<?xml version="1.0" encoding="UTF-8"?>
<!-- Generated by org.testng.reporters.JUnitReportReporter -->
<testsuite hostname="DESKTOP-M096LDG" name="Maven.Project.App" tests="1" failures="0" timestamp="2 Nov 2019 16:23:33 GMT" time="21.405" errors="0">
  <testcase name="WindowHandle" time="21.405" classname="Maven.Project.App"/>
</testsuite> <!-- Maven.Project.App -->
