<?xml version="1.0" encoding="UTF-8"?>
<!-- Generated by org.testng.reporters.JUnitReportReporter -->
<testsuite hostname="DESKTOP-M096LDG" name="Maven.Project.Test2" tests="1" failures="0" timestamp="8 Nov 2019 03:20:21 GMT" time="39.175" errors="0">
  <testcase name="iframes" time="39.175" classname="Maven.Project.Test2"/>
</testsuite> <!-- Maven.Project.Test2 -->
