<?xml version="1.0" encoding="UTF-8"?>
<!-- Generated by org.testng.reporters.JUnitReportReporter -->
<testsuite hostname="DESKTOP-M096LDG" name="Maven.Project.SeleniumOpenBrowser" tests="1" failures="0" timestamp="28 Oct 2019 05:40:41 GMT" time="19.243" errors="0">
  <testcase name="OpenBrowser" time="19.243" classname="Maven.Project.SeleniumOpenBrowser"/>
</testsuite> <!-- Maven.Project.SeleniumOpenBrowser -->
