<?xml version="1.0" encoding="UTF-8"?>
<!-- Generated by org.testng.reporters.JUnitReportReporter -->
<testsuite hostname="DESKTOP-M096LDG" name="Maven.Project.SeleniumOpenBrowser" tests="1" failures="0" timestamp="25 Oct 2019 16:29:20 GMT" time="152.143" errors="0">
  <testcase name="OpenBrowser" time="152.143" classname="Maven.Project.SeleniumOpenBrowser"/>
</testsuite> <!-- Maven.Project.SeleniumOpenBrowser -->
